<?xml version="1.0" encoding="UTF-8"?>
<!-- Generated by org.testng.reporters.JUnitReportReporter -->
<testsuite hostname="KALYANI" failures="0" tests="2" name="TestNG_001.NewTest" time="0.011" errors="0" timestamp="2024-06-18T15:20:42 IST" skipped="0">
  <testcase classname="TestNG_001.NewTest" name="h" time="0.003"/>
  <system-out/>
  <testcase classname="TestNG_001.NewTest" name="f" time="0.008"/>
  <system-out/>
</testsuite> <!-- TestNG_001.NewTest -->
