<?xml version="1.0" encoding="UTF-8"?>
<!-- Generated by org.testng.reporters.JUnitReportReporter -->
<testsuite hostname="KALYANI" failures="0" tests="5" name="end_to_end_.Flipkart" time="5.830" errors="0" timestamp="2024-06-24T16:37:03 IST" skipped="0">
  <testcase classname="end_to_end_.Flipkart" name="fashion" time="1.179"/>
  <system-out/>
  <testcase classname="end_to_end_.Flipkart" name="beauty_and_toys" time="1.164"/>
  <system-out/>
  <testcase classname="end_to_end_.Flipkart" name="elecronics" time="1.169"/>
  <system-out/>
  <testcase classname="end_to_end_.Flipkart" name="Home_and_kitchen" time="1.159"/>
  <system-out/>
  <testcase classname="end_to_end_.Flipkart" name="Two_Whiller" time="1.159"/>
  <system-out/>
</testsuite> <!-- end_to_end_.Flipkart -->
