<?xml version="1.0" encoding="UTF-8"?>
<!-- Generated by org.testng.reporters.JUnitReportReporter -->
<testsuite hostname="KALYANI" failures="0" tests="8" name="parameter.Priority_parameter" time="0.021" errors="0" timestamp="2024-06-19T18:37:51 IST" skipped="0">
  <testcase classname="parameter.Priority_parameter" name="application" time="0.011"/>
  <system-out/>
  <testcase classname="parameter.Priority_parameter" name="login" time="0.001"/>
  <system-out/>
  <testcase classname="parameter.Priority_parameter" name="verify" time="0.002"/>
  <system-out/>
  <testcase classname="parameter.Priority_parameter" name="search" time="0.002"/>
  <system-out/>
  <testcase classname="parameter.Priority_parameter" name="searchbox" time="0.002"/>
  <system-out/>
  <testcase classname="parameter.Priority_parameter" name="select" time="0.001"/>
  <system-out/>
  <testcase classname="parameter.Priority_parameter" name="Result" time="0.001"/>
  <system-out/>
  <testcase classname="parameter.Priority_parameter" name="close" time="0.001"/>
  <system-out/>
</testsuite> <!-- parameter.Priority_parameter -->
