<?xml version="1.0" encoding="UTF-8"?>
<!-- Generated by org.testng.reporters.JUnitReportReporter -->
<testsuite hostname="KALYANI" failures="0" tests="4" name="parameter.Description_parameter" time="0.014" errors="0" timestamp="2024-06-19T19:28:30 IST" skipped="0">
  <testcase classname="parameter.Description_parameter" name="graph" time="0.008"/>
  <system-out/>
  <testcase classname="parameter.Description_parameter" name="work" time="0.003"/>
  <system-out/>
  <testcase classname="parameter.Description_parameter" name="add" time="0.001"/>
  <system-out/>
  <testcase classname="parameter.Description_parameter" name="record" time="0.002"/>
  <system-out/>
</testsuite> <!-- parameter.Description_parameter -->
